<?xml version="1.0" encoding="UTF-8"?>
<!-- Generated by org.testng.reporters.JUnitXMLReporter -->
<testsuite hostname="M5-L-14QNPQ2" name="Sanity" tests="7" failures="0" timestamp="9 Jan 2019 13:19:13 GMT" time="1174.102" errors="0">
  <testcase name="TC01_ToVerifyCancelAction" time="208.244" classname="com.Test.DemandCancellationTest"/>
  <testcase name="TC01_CreateNonGCPDemand" time="184.128" classname="com.Test.DemandCreationTest"/>
  <testcase name="TC12_captiveSupply" time="131.876" classname="com.Test.MatchingSupplyTest"/>
  <testcase name="TC01_rollOffTeamPage" time="65.934" classname="com.Test.ChangeRollOffTest"/>
  <testcase name="TC01_swapLock" time="215.381" classname="com.Test.SwapLockTest"/>
  <testcase name="TC04_createSR" time="185.472" classname="com.Test.SRTest"/>
  <testcase name="TC01_addSupplyTagDU" time="111.188" classname="com.Test.TaggingTest"/>
</testsuite> <!-- Sanity -->
